<?xml version="1.0" encoding="UTF-8"?>
<!-- Generated by org.testng.reporters.JUnitReportReporter -->
<testsuite hostname="sun-VirtualBox" name="TestWebsite.cnn" tests="1" failures="0" timestamp="5 Aug 2014 15:24:30 GMT" time="24.051" errors="0">
  <testcase name="f" time="24.051" classname="TestWebsite.cnn"/>
</testsuite> <!-- TestWebsite.cnn -->
